{
  "RSpec": {
    "coverage": {
      "/home/BrianaGross/tic-tac-toe-rb-v-000/lib/tic_tac_toe.rb": [
        1,
        null,
        null,
        1,
        null,
        null,
        null,
        null,
        null,
        null,
        null,
        null,
        null,
        null,
        null,
        1,
        18,
        18,
        18,
        18,
        18,
        null,
        null,
        null,
        1,
        18,
        null,
        null,
        null,
        1,
        18,
        null,
        null,
        null,
        1,
        18,
        18,
        null,
        0,
        null,
        null,
        null,
        null,
        1,
        18,
        18,
        null,
        null,
        null,
        null,
        1,
        18,
        18,
        18,
        18,
        18,
        18,
        null,
        0,
        null,
        null,
        null,
        null,
        null,
        null,
        1,
        18,
        18,
        162,
        27,
        null,
        null,
        18,
        null,
        null,
        null,
        1,
        18,
        null,
        null,
        null,
        null,
        null,
        1,
        30,
        183,
        183,
        183,
        183,
        12,
        null,
        null,
        null,
        18,
        null,
        null,
        null,
        1,
        169,
        null,
        null,
        null,
        1,
        20,
        2,
        null,
        null,
        null,
        null,
        1,
        19,
        8,
        null,
        null,
        null,
        null,
        1,
        8,
        4,
        null,
        null,
        null,
        null,
        1,
        12,
        18,
        null,
        12,
        3,
        9,
        4,
        null,
        5,
        null,
        null
      ]
    },
    "timestamp": 1510180478
  }
}
